/workspace/ABZU/scripts/_stage_runtime.py:226: EnvironmentLimitedWarning: environment-limited: activated sandbox stub for 'crown_decider' (crown_decider: recommendation heuristics simplified)
  _prepare_overrides()
/workspace/ABZU/scripts/_stage_runtime.py:148: EnvironmentLimitedWarning: environment-limited: activated sandbox stub for 'state_transition_engine' (state_transition_engine: deterministic rotation)
  module = override.factory()
/workspace/ABZU/scripts/_stage_runtime.py:226: EnvironmentLimitedWarning: environment-limited: activated sandbox stub for 'crown_prompt_orchestrator' (crown_prompt_orchestrator: async pipeline stubbed)
  _prepare_overrides()
/workspace/ABZU/scripts/_stage_runtime.py:226: EnvironmentLimitedWarning: environment-limited: activated sandbox stub for 'emotional_state' (emotional_state: in-memory state used)
  _prepare_overrides()
/workspace/ABZU/scripts/_stage_runtime.py:183: EnvironmentLimitedWarning: environment-limited: neoabzu optional bundle unavailable; using minimal sandbox MemoryBundle
  _apply_override(name, force=_should_force_override(name))
/workspace/ABZU/scripts/_stage_runtime.py:226: EnvironmentLimitedWarning: environment-limited: activated sandbox stub for 'neoabzu_memory' (neoabzu_memory: optional bundle shim activated)
  _prepare_overrides()
/workspace/ABZU/scripts/_stage_runtime.py:226: EnvironmentLimitedWarning: environment-limited: activated sandbox stub for 'servant_model_manager' (servant_model_manager: local registry only)
  _prepare_overrides()
/workspace/ABZU/scripts/_stage_runtime.py:226: EnvironmentLimitedWarning: environment-limited: activated sandbox stub for 'state_transition_engine' (state_transition_engine: deterministic rotation)
  _prepare_overrides()
/workspace/ABZU/scripts/_stage_runtime.py:226: EnvironmentLimitedWarning: environment-limited: activated sandbox stub for 'prometheus_fastapi_instrumentator' (prometheus instrumentation disabled in sandbox)
  _prepare_overrides()
/workspace/ABZU/scripts/_stage_runtime.py:231: EnvironmentLimitedWarning: environment-limited: activated sandbox stub for 'crown_decider' (crown_decider: recommendation heuristics simplified)
  _maybe_stub(name, force=True)
/workspace/ABZU/scripts/_stage_runtime.py:231: EnvironmentLimitedWarning: environment-limited: activated sandbox stub for 'crown_prompt_orchestrator' (crown_prompt_orchestrator: async pipeline stubbed)
  _maybe_stub(name, force=True)
/workspace/ABZU/scripts/_stage_runtime.py:231: EnvironmentLimitedWarning: environment-limited: activated sandbox stub for 'emotional_state' (emotional_state: in-memory state used)
  _maybe_stub(name, force=True)
/workspace/ABZU/scripts/_stage_runtime.py:231: EnvironmentLimitedWarning: environment-limited: activated sandbox stub for 'servant_model_manager' (servant_model_manager: local registry only)
  _maybe_stub(name, force=True)
/workspace/ABZU/scripts/_stage_runtime.py:231: EnvironmentLimitedWarning: environment-limited: activated sandbox stub for 'state_transition_engine' (state_transition_engine: deterministic rotation)
  _maybe_stub(name, force=True)
/workspace/ABZU/scripts/_stage_runtime.py:231: EnvironmentLimitedWarning: environment-limited: activated sandbox stub for 'tools.session_logger' (session_logger: binary dumps without ffmpeg)
  _maybe_stub(name, force=True)
INFO Running scenario crown_glm_reflection (model=glm, seed=1101)
/workspace/ABZU/scripts/crown_capture_replays.py:542: DeprecationWarning: datetime.datetime.utcnow() is deprecated and scheduled for removal in a future version. Use timezone-aware objects to represent datetimes in UTC: datetime.datetime.now(datetime.UTC).
  timestamp = datetime.utcnow().isoformat()
WARNING Sandbox overrides active; skipping strict comparison for crown_glm_reflection
INFO Running scenario crown_kimicho_guidance (model=kimicho, seed=2102)
WARNING Sandbox overrides active; skipping strict comparison for crown_kimicho_guidance
INFO Running scenario crown_kimi_k2_revision (model=kimi_k2, seed=3103)
WARNING Sandbox overrides active; skipping strict comparison for crown_kimi_k2_revision
INFO Running scenario crown_air_star_validation (model=air_star, seed=4104)
WARNING Sandbox overrides active; skipping strict comparison for crown_air_star_validation
INFO Running scenario crown_rstar_finalization (model=rstar, seed=5105)
WARNING Sandbox overrides active; skipping strict comparison for crown_rstar_finalization
